ISim log file
Running: Y:\Documents\GitHub Files\301\lab5\regfile_diagnostic_isim_beh.exe -intstyle ise -gui -tclbatch isim.cmd -wdb Y:/Documents/GitHub Files/301/lab5/regfile_diagnostic_isim_beh.wdb 
ISim P.20131013 (signature 0x7708f090)
WARNING: A WEBPACK license was found.
WARNING: Please use Xilinx License Configuration Manager to check out a full ISim license.
WARNING: ISim will run in Lite mode. Please refer to the ISim documentation for more information on the differences between the Lite and the Full version.
This is a Lite version of ISim.
Time resolution is 1 ps
# onerror resume
# wave add /
# run 1000 ns
Simulator is doing circuit initialization process.
Finished circuit initialization process.
S_Adr = 001, R_Adr = 101, W_Adr = 111
S_Adr = 010, R_Adr = 110, W_Adr = 111
S_Adr = 011, R_Adr = 111, W_Adr = 111
S_Adr = 100, R_Adr = 000, W_Adr = 111
Stopped at time : 151 ns :  in File "//Mac/Home/Documents/GitHub Files/301/lab5/regfile_diagnostic.v" Line 91 
# restart
# run all
Simulator is doing circuit initialization process.
Finished circuit initialization process.
S_Adr = 001, R_Adr = 101, W_Adr = 111
S_Adr = 010, R_Adr = 110, W_Adr = 111
S_Adr = 011, R_Adr = 111, W_Adr = 111
S_Adr = 100, R_Adr = 000, W_Adr = 111
Stopped at time : 151 ns :  in File "//Mac/Home/Documents/GitHub Files/301/lab5/regfile_diagnostic.v" Line 91 
